<?xml version="1.0" encoding="UTF-8"?>
<!-- Generated by org.testng.reporters.JUnitXMLReporter -->
<testsuite ignored="0" hostname="DESKTOP-P55NFCV" failures="0" tests="5" name="Default test" time="69.81" errors="0" timestamp="2024-01-29T08:35:55 EST">
  <testcase classname="com.tutuorialsninja.TestCases.LoginTest" name="verifyLoginWithValidCredentials" time="2.497"/>
  <testcase classname="com.tutuorialsninja.TestCases.LoginTest" name="verifyLoginWithInvalidCredentials" time="1.23"/>
  <testcase classname="com.tutuorialsninja.TestCases.LoginTest" name="verifyLoginWithValidEmailInvalidPassword" time="1.272"/>
  <testcase classname="com.tutuorialsninja.TestCases.LoginTest" name="verifyLoginWithInvalidEmailValidPassword" time="1.221"/>
  <testcase classname="com.tutuorialsninja.TestCases.LoginTest" name="verifyLoginWitNoCredentials" time="0.717"/>
</testsuite> <!-- Default test -->
