<?xml version="1.0" encoding="UTF-8"?>
<!-- Generated by org.testng.reporters.JUnitXMLReporter -->
<testsuite ignored="0" hostname="DESKTOP-P55NFCV" failures="0" tests="12" name="Test" time="168.76" errors="0" timestamp="2024-02-01T12:27:54 EST">
  <testcase classname="com.tutuorialsninja.TestCases.RegisterTest" name="VerifyingRegisterWithMandatoryFields" time="2.857"/>
  <testcase classname="com.tutuorialsninja.TestCases.RegisterTest" name="VerifyingRegisterWithAllFields" time="2.257"/>
  <testcase classname="com.tutuorialsninja.TestCases.RegisterTest" name="VerifyingRegisterWithExistingEmail" time="1.784"/>
  <testcase classname="com.tutuorialsninja.TestCases.RegisterTest" name="VerifyingRegisterWithNoFields" time="0.832"/>
  <testcase classname="com.tutuorialsninja.TestCases.LoginTest" name="verifyLoginWithValidCredentials" time="1.933"/>
  <testcase classname="com.tutuorialsninja.TestCases.LoginTest" name="verifyLoginWithInvalidCredentials" time="1.283"/>
  <testcase classname="com.tutuorialsninja.TestCases.LoginTest" name="verifyLoginWithValidEmailInvalidPassword" time="1.41"/>
  <testcase classname="com.tutuorialsninja.TestCases.LoginTest" name="verifyLoginWithInvalidEmailValidPassword" time="1.249"/>
  <testcase classname="com.tutuorialsninja.TestCases.LoginTest" name="verifyLoginWitNoCredentials" time="1.158"/>
  <testcase classname="com.tutuorialsninja.TestCases.SearchProductTest" name="verifySearchWithValidProduct" time="1.665"/>
  <testcase classname="com.tutuorialsninja.TestCases.SearchProductTest" name="verifySearchWithInvalidProduct" time="1.351"/>
  <testcase classname="com.tutuorialsninja.TestCases.SearchProductTest" name="verifySearchWithNoProduct" time="0.625"/>
</testsuite> <!-- Test -->
