<?xml version="1.0" encoding="UTF-8"?>
<!-- Generated by org.testng.reporters.JUnitXMLReporter -->
<testsuite ignored="0" hostname="DESKTOP-P55NFCV" failures="0" tests="12" name="Test" time="226.337" errors="0" timestamp="2024-01-29T09:02:15 EST">
  <testcase classname="com.tutuorialsninja.TestCases.RegisterTest" name="VerifyingRegisterWithMandatoryFields" time="6.392"/>
  <testcase classname="com.tutuorialsninja.TestCases.RegisterTest" name="VerifyingRegisterWithAllFields" time="2.277"/>
  <testcase classname="com.tutuorialsninja.TestCases.RegisterTest" name="VerifyingRegisterWithExistingEmail" time="2.007"/>
  <testcase classname="com.tutuorialsninja.TestCases.RegisterTest" name="VerifyingRegisterWithNoFields" time="0.89"/>
  <testcase classname="com.tutuorialsninja.TestCases.LoginTest" name="verifyLoginWithValidCredentials" time="1.731"/>
  <testcase classname="com.tutuorialsninja.TestCases.LoginTest" name="verifyLoginWithInvalidCredentials" time="1.358"/>
  <testcase classname="com.tutuorialsninja.TestCases.LoginTest" name="verifyLoginWithValidEmailInvalidPassword" time="5.306"/>
  <testcase classname="com.tutuorialsninja.TestCases.LoginTest" name="verifyLoginWithInvalidEmailValidPassword" time="1.237"/>
  <testcase classname="com.tutuorialsninja.TestCases.LoginTest" name="verifyLoginWitNoCredentials" time="0.812"/>
  <testcase classname="com.tutuorialsninja.TestCases.SearchProductTest" name="verifySearchWithValidProduct" time="2.263"/>
  <testcase classname="com.tutuorialsninja.TestCases.SearchProductTest" name="verifySearchWithInvalidProduct" time="2.189"/>
  <testcase classname="com.tutuorialsninja.TestCases.SearchProductTest" name="verifySearchWithNoProduct" time="1.057"/>
</testsuite> <!-- Test -->
