<?xml version="1.0" encoding="UTF-8"?>
<testng-results ignored="0" total="1" passed="1" failed="0" skipped="0">
  <reporter-output>
  </reporter-output>
  <suite started-at="2024-02-03T12:29:58 EST" name="Default suite" finished-at="2024-02-03T12:30:34 EST" duration-ms="35706">
    <groups>
    </groups>
    <test started-at="2024-02-03T12:29:58 EST" name="Default test" finished-at="2024-02-03T12:30:34 EST" duration-ms="35706">
      <class name="com.tutuorialsninja.TestCases.AddToProductTest">
        <test-method is-config="true" signature="setup()[pri:0, instance:com.tutuorialsninja.TestCases.AddToProductTest@7b36aa0c]" started-at="2024-02-03T12:29:58 EST" name="setup" finished-at="2024-02-03T12:30:19 EST" duration-ms="20967" status="PASS">
          <reporter-output>
          </reporter-output>
        </test-method> <!-- setup -->
        <test-method signature="checkingOutValidProduct()[pri:0, instance:com.tutuorialsninja.TestCases.AddToProductTest@7b36aa0c]" started-at="2024-02-03T12:30:19 EST" name="checkingOutValidProduct" finished-at="2024-02-03T12:30:32 EST" duration-ms="13128" status="PASS">
          <reporter-output>
          </reporter-output>
        </test-method> <!-- checkingOutValidProduct -->
        <test-method is-config="true" signature="tearDown()[pri:0, instance:com.tutuorialsninja.TestCases.AddToProductTest@7b36aa0c]" started-at="2024-02-03T12:30:32 EST" name="tearDown" finished-at="2024-02-03T12:30:34 EST" duration-ms="1431" status="PASS">
          <reporter-output>
          </reporter-output>
        </test-method> <!-- tearDown -->
      </class> <!-- com.tutuorialsninja.TestCases.AddToProductTest -->
    </test> <!-- Default test -->
  </suite> <!-- Default suite -->
</testng-results>
