<?xml version="1.0" encoding="UTF-8"?>
<testng-results ignored="0" total="12" passed="12" failed="0" skipped="0">
  <reporter-output>
  </reporter-output>
  <suite started-at="2024-01-29T08:58:29 EST" name="Suite" finished-at="2024-01-29T09:02:15 EST" duration-ms="226337">
    <groups>
    </groups>
    <test started-at="2024-01-29T08:58:29 EST" name="Test" finished-at="2024-01-29T09:02:15 EST" duration-ms="226337">
      <class name="com.tutuorialsninja.TestCases.RegisterTest">
        <test-method is-config="true" signature="registerSetup()[pri:0, instance:com.tutuorialsninja.TestCases.RegisterTest@2794eab6]" started-at="2024-01-29T08:58:29 EST" name="registerSetup" finished-at="2024-01-29T08:59:20 EST" duration-ms="51791" status="PASS">
          <reporter-output>
          </reporter-output>
        </test-method> <!-- registerSetup -->
        <test-method signature="VerifyingRegisterWithMandatoryFields()[pri:1, instance:com.tutuorialsninja.TestCases.RegisterTest@2794eab6]" started-at="2024-01-29T08:59:20 EST" name="VerifyingRegisterWithMandatoryFields" finished-at="2024-01-29T08:59:27 EST" duration-ms="6392" status="PASS">
          <reporter-output>
          </reporter-output>
        </test-method> <!-- VerifyingRegisterWithMandatoryFields -->
        <test-method is-config="true" signature="tearDown()[pri:0, instance:com.tutuorialsninja.TestCases.RegisterTest@2794eab6]" started-at="2024-01-29T08:59:27 EST" name="tearDown" finished-at="2024-01-29T08:59:28 EST" duration-ms="761" status="PASS">
          <reporter-output>
          </reporter-output>
        </test-method> <!-- tearDown -->
        <test-method is-config="true" signature="registerSetup()[pri:0, instance:com.tutuorialsninja.TestCases.RegisterTest@2794eab6]" started-at="2024-01-29T08:59:28 EST" name="registerSetup" finished-at="2024-01-29T08:59:43 EST" duration-ms="15604" status="PASS">
          <reporter-output>
          </reporter-output>
        </test-method> <!-- registerSetup -->
        <test-method signature="VerifyingRegisterWithAllFields()[pri:2, instance:com.tutuorialsninja.TestCases.RegisterTest@2794eab6]" started-at="2024-01-29T08:59:43 EST" name="VerifyingRegisterWithAllFields" finished-at="2024-01-29T08:59:46 EST" duration-ms="2277" status="PASS">
          <reporter-output>
          </reporter-output>
        </test-method> <!-- VerifyingRegisterWithAllFields -->
        <test-method is-config="true" signature="tearDown()[pri:0, instance:com.tutuorialsninja.TestCases.RegisterTest@2794eab6]" started-at="2024-01-29T08:59:46 EST" name="tearDown" finished-at="2024-01-29T08:59:46 EST" duration-ms="778" status="PASS">
          <reporter-output>
          </reporter-output>
        </test-method> <!-- tearDown -->
        <test-method is-config="true" signature="registerSetup()[pri:0, instance:com.tutuorialsninja.TestCases.RegisterTest@2794eab6]" started-at="2024-01-29T08:59:46 EST" name="registerSetup" finished-at="2024-01-29T09:00:01 EST" duration-ms="14749" status="PASS">
          <reporter-output>
          </reporter-output>
        </test-method> <!-- registerSetup -->
        <test-method signature="VerifyingRegisterWithExistingEmail()[pri:3, instance:com.tutuorialsninja.TestCases.RegisterTest@2794eab6]" started-at="2024-01-29T09:00:01 EST" name="VerifyingRegisterWithExistingEmail" finished-at="2024-01-29T09:00:03 EST" duration-ms="2007" status="PASS">
          <reporter-output>
          </reporter-output>
        </test-method> <!-- VerifyingRegisterWithExistingEmail -->
        <test-method is-config="true" signature="tearDown()[pri:0, instance:com.tutuorialsninja.TestCases.RegisterTest@2794eab6]" started-at="2024-01-29T09:00:03 EST" name="tearDown" finished-at="2024-01-29T09:00:03 EST" duration-ms="407" status="PASS">
          <reporter-output>
          </reporter-output>
        </test-method> <!-- tearDown -->
        <test-method is-config="true" signature="registerSetup()[pri:0, instance:com.tutuorialsninja.TestCases.RegisterTest@2794eab6]" started-at="2024-01-29T09:00:03 EST" name="registerSetup" finished-at="2024-01-29T09:00:15 EST" duration-ms="11234" status="PASS">
          <reporter-output>
          </reporter-output>
        </test-method> <!-- registerSetup -->
        <test-method signature="VerifyingRegisterWithNoFields()[pri:4, instance:com.tutuorialsninja.TestCases.RegisterTest@2794eab6]" started-at="2024-01-29T09:00:15 EST" name="VerifyingRegisterWithNoFields" finished-at="2024-01-29T09:00:16 EST" duration-ms="890" status="PASS">
          <reporter-output>
          </reporter-output>
        </test-method> <!-- VerifyingRegisterWithNoFields -->
        <test-method is-config="true" signature="tearDown()[pri:0, instance:com.tutuorialsninja.TestCases.RegisterTest@2794eab6]" started-at="2024-01-29T09:00:16 EST" name="tearDown" finished-at="2024-01-29T09:00:16 EST" duration-ms="430" status="PASS">
          <reporter-output>
          </reporter-output>
        </test-method> <!-- tearDown -->
      </class> <!-- com.tutuorialsninja.TestCases.RegisterTest -->
      <class name="com.tutuorialsninja.TestCases.SearchProductTest">
        <test-method is-config="true" signature="registerSetup()[pri:0, instance:com.tutuorialsninja.TestCases.SearchProductTest@3e8c3cb]" started-at="2024-01-29T09:01:43 EST" name="registerSetup" finished-at="2024-01-29T09:01:49 EST" duration-ms="6386" status="PASS">
          <reporter-output>
          </reporter-output>
        </test-method> <!-- registerSetup -->
        <test-method signature="verifySearchWithValidProduct()[pri:1, instance:com.tutuorialsninja.TestCases.SearchProductTest@3e8c3cb]" started-at="2024-01-29T09:01:49 EST" name="verifySearchWithValidProduct" finished-at="2024-01-29T09:01:51 EST" duration-ms="2263" status="PASS">
          <reporter-output>
          </reporter-output>
        </test-method> <!-- verifySearchWithValidProduct -->
        <test-method is-config="true" signature="tearDown()[pri:0, instance:com.tutuorialsninja.TestCases.SearchProductTest@3e8c3cb]" started-at="2024-01-29T09:01:51 EST" name="tearDown" finished-at="2024-01-29T09:01:52 EST" duration-ms="419" status="PASS">
          <reporter-output>
          </reporter-output>
        </test-method> <!-- tearDown -->
        <test-method is-config="true" signature="registerSetup()[pri:0, instance:com.tutuorialsninja.TestCases.SearchProductTest@3e8c3cb]" started-at="2024-01-29T09:01:52 EST" name="registerSetup" finished-at="2024-01-29T09:02:00 EST" duration-ms="8031" status="PASS">
          <reporter-output>
          </reporter-output>
        </test-method> <!-- registerSetup -->
        <test-method signature="verifySearchWithInvalidProduct()[pri:2, instance:com.tutuorialsninja.TestCases.SearchProductTest@3e8c3cb]" started-at="2024-01-29T09:02:00 EST" name="verifySearchWithInvalidProduct" finished-at="2024-01-29T09:02:02 EST" duration-ms="2189" status="PASS">
          <reporter-output>
          </reporter-output>
        </test-method> <!-- verifySearchWithInvalidProduct -->
        <test-method is-config="true" signature="tearDown()[pri:0, instance:com.tutuorialsninja.TestCases.SearchProductTest@3e8c3cb]" started-at="2024-01-29T09:02:02 EST" name="tearDown" finished-at="2024-01-29T09:02:03 EST" duration-ms="755" status="PASS">
          <reporter-output>
          </reporter-output>
        </test-method> <!-- tearDown -->
        <test-method is-config="true" signature="registerSetup()[pri:0, instance:com.tutuorialsninja.TestCases.SearchProductTest@3e8c3cb]" started-at="2024-01-29T09:02:03 EST" name="registerSetup" finished-at="2024-01-29T09:02:13 EST" duration-ms="10506" status="PASS">
          <reporter-output>
          </reporter-output>
        </test-method> <!-- registerSetup -->
        <test-method signature="verifySearchWithNoProduct()[pri:3, instance:com.tutuorialsninja.TestCases.SearchProductTest@3e8c3cb]" started-at="2024-01-29T09:02:13 EST" name="verifySearchWithNoProduct" finished-at="2024-01-29T09:02:14 EST" duration-ms="1057" status="PASS">
          <reporter-output>
          </reporter-output>
        </test-method> <!-- verifySearchWithNoProduct -->
        <test-method is-config="true" signature="tearDown()[pri:0, instance:com.tutuorialsninja.TestCases.SearchProductTest@3e8c3cb]" started-at="2024-01-29T09:02:14 EST" name="tearDown" finished-at="2024-01-29T09:02:15 EST" duration-ms="476" status="PASS">
          <reporter-output>
          </reporter-output>
        </test-method> <!-- tearDown -->
      </class> <!-- com.tutuorialsninja.TestCases.SearchProductTest -->
      <class name="com.tutuorialsninja.TestCases.LoginTest">
        <test-method is-config="true" signature="loginSetup()[pri:0, instance:com.tutuorialsninja.TestCases.LoginTest@793f29ff]" started-at="2024-01-29T09:00:16 EST" name="loginSetup" finished-at="2024-01-29T09:00:26 EST" duration-ms="9718" status="PASS">
          <reporter-output>
          </reporter-output>
        </test-method> <!-- loginSetup -->
        <test-method signature="verifyLoginWithValidCredentials()[pri:1, instance:com.tutuorialsninja.TestCases.LoginTest@793f29ff]" started-at="2024-01-29T09:00:26 EST" name="verifyLoginWithValidCredentials" finished-at="2024-01-29T09:00:27 EST" duration-ms="1731" status="PASS">
          <reporter-output>
          </reporter-output>
        </test-method> <!-- verifyLoginWithValidCredentials -->
        <test-method is-config="true" signature="tearDown()[pri:0, instance:com.tutuorialsninja.TestCases.LoginTest@793f29ff]" started-at="2024-01-29T09:00:27 EST" name="tearDown" finished-at="2024-01-29T09:00:28 EST" duration-ms="563" status="PASS">
          <reporter-output>
          </reporter-output>
        </test-method> <!-- tearDown -->
        <test-method is-config="true" signature="loginSetup()[pri:0, instance:com.tutuorialsninja.TestCases.LoginTest@793f29ff]" started-at="2024-01-29T09:00:28 EST" name="loginSetup" finished-at="2024-01-29T09:00:42 EST" duration-ms="14220" status="PASS">
          <reporter-output>
          </reporter-output>
        </test-method> <!-- loginSetup -->
        <test-method signature="verifyLoginWithInvalidCredentials()[pri:2, instance:com.tutuorialsninja.TestCases.LoginTest@793f29ff]" started-at="2024-01-29T09:00:42 EST" name="verifyLoginWithInvalidCredentials" finished-at="2024-01-29T09:00:44 EST" duration-ms="1358" status="PASS">
          <reporter-output>
          </reporter-output>
        </test-method> <!-- verifyLoginWithInvalidCredentials -->
        <test-method is-config="true" signature="tearDown()[pri:0, instance:com.tutuorialsninja.TestCases.LoginTest@793f29ff]" started-at="2024-01-29T09:00:44 EST" name="tearDown" finished-at="2024-01-29T09:00:44 EST" duration-ms="412" status="PASS">
          <reporter-output>
          </reporter-output>
        </test-method> <!-- tearDown -->
        <test-method is-config="true" signature="loginSetup()[pri:0, instance:com.tutuorialsninja.TestCases.LoginTest@793f29ff]" started-at="2024-01-29T09:00:44 EST" name="loginSetup" finished-at="2024-01-29T09:01:07 EST" duration-ms="22792" status="PASS">
          <reporter-output>
          </reporter-output>
        </test-method> <!-- loginSetup -->
        <test-method signature="verifyLoginWithValidEmailInvalidPassword()[pri:3, instance:com.tutuorialsninja.TestCases.LoginTest@793f29ff]" started-at="2024-01-29T09:01:07 EST" name="verifyLoginWithValidEmailInvalidPassword" finished-at="2024-01-29T09:01:12 EST" duration-ms="5306" status="PASS">
          <reporter-output>
          </reporter-output>
        </test-method> <!-- verifyLoginWithValidEmailInvalidPassword -->
        <test-method is-config="true" signature="tearDown()[pri:0, instance:com.tutuorialsninja.TestCases.LoginTest@793f29ff]" started-at="2024-01-29T09:01:12 EST" name="tearDown" finished-at="2024-01-29T09:01:13 EST" duration-ms="936" status="PASS">
          <reporter-output>
          </reporter-output>
        </test-method> <!-- tearDown -->
        <test-method is-config="true" signature="loginSetup()[pri:0, instance:com.tutuorialsninja.TestCases.LoginTest@793f29ff]" started-at="2024-01-29T09:01:13 EST" name="loginSetup" finished-at="2024-01-29T09:01:28 EST" duration-ms="14675" status="PASS">
          <reporter-output>
          </reporter-output>
        </test-method> <!-- loginSetup -->
        <test-method signature="verifyLoginWithInvalidEmailValidPassword()[pri:4, instance:com.tutuorialsninja.TestCases.LoginTest@793f29ff]" started-at="2024-01-29T09:01:28 EST" name="verifyLoginWithInvalidEmailValidPassword" finished-at="2024-01-29T09:01:29 EST" duration-ms="1237" status="PASS">
          <reporter-output>
          </reporter-output>
        </test-method> <!-- verifyLoginWithInvalidEmailValidPassword -->
        <test-method is-config="true" signature="tearDown()[pri:0, instance:com.tutuorialsninja.TestCases.LoginTest@793f29ff]" started-at="2024-01-29T09:01:29 EST" name="tearDown" finished-at="2024-01-29T09:01:29 EST" duration-ms="406" status="PASS">
          <reporter-output>
          </reporter-output>
        </test-method> <!-- tearDown -->
        <test-method is-config="true" signature="loginSetup()[pri:0, instance:com.tutuorialsninja.TestCases.LoginTest@793f29ff]" started-at="2024-01-29T09:01:29 EST" name="loginSetup" finished-at="2024-01-29T09:01:41 EST" duration-ms="11949" status="PASS">
          <reporter-output>
          </reporter-output>
        </test-method> <!-- loginSetup -->
        <test-method signature="verifyLoginWitNoCredentials()[pri:5, instance:com.tutuorialsninja.TestCases.LoginTest@793f29ff]" started-at="2024-01-29T09:01:41 EST" name="verifyLoginWitNoCredentials" finished-at="2024-01-29T09:01:42 EST" duration-ms="812" status="PASS">
          <reporter-output>
          </reporter-output>
        </test-method> <!-- verifyLoginWitNoCredentials -->
        <test-method is-config="true" signature="tearDown()[pri:0, instance:com.tutuorialsninja.TestCases.LoginTest@793f29ff]" started-at="2024-01-29T09:01:42 EST" name="tearDown" finished-at="2024-01-29T09:01:43 EST" duration-ms="610" status="PASS">
          <reporter-output>
          </reporter-output>
        </test-method> <!-- tearDown -->
      </class> <!-- com.tutuorialsninja.TestCases.LoginTest -->
    </test> <!-- Test -->
  </suite> <!-- Suite -->
</testng-results>
